<?xml version="1.0" encoding="UTF-8"?>
<robot generator="Robot 3.2.1 (Python 3.6.8 on win32)" generated="20200507 18:18:52.191" rpa="false">
<suite id="s1" name="Suites">
<suite id="s1-s1" name="POM" source="E:\Workspace\Robot\WebAutomation\TestCases\POM.robot">
<test id="s1-s1-t1" name="Test Login POM &amp; DataDriver with tutorial &amp; tutorial">
<kw name="Login Test">
<arguments>
<arg>tutorial</arg>
<arg>tutorial</arg>
</arguments>
<kw name="Open My Browser" library="LoginKeywords">
<arguments>
<arg>${url}</arg>
<arg>${browser}</arg>
</arguments>
<kw name="Open Browser" library="SeleniumLibrary">
<doc>Opens a new browser instance to the optional ``url``.</doc>
<arguments>
<arg>${url}</arg>
<arg>${browser}</arg>
</arguments>
<msg timestamp="20200507 18:18:52.395" level="INFO">Opening browser 'chrome' to base url 'http://newtours.demoaut.com/'.</msg>
<status status="PASS" starttime="20200507 18:18:52.395" endtime="20200507 18:18:56.593"></status>
</kw>
<kw name="Maximize Browser Window" library="SeleniumLibrary">
<doc>Maximizes current browser window.</doc>
<status status="PASS" starttime="20200507 18:18:56.593" endtime="20200507 18:18:58.844"></status>
</kw>
<status status="PASS" starttime="20200507 18:18:52.395" endtime="20200507 18:18:58.844"></status>
</kw>
<kw name="Click Singnin Link" library="LoginKeywords">
<kw name="Check_And_Click_Link" library="Resources">
<arguments>
<arg>${lnk_Login_Sgnin}</arg>
</arguments>
<kw name="Set Variable" library="BuiltIn">
<doc>Returns the given values which can then be assigned to a variables.</doc>
<arguments>
<arg>${empty}</arg>
</arguments>
<assign>
<var>${bValidation1}</var>
</assign>
<msg timestamp="20200507 18:18:58.845" level="INFO">${bValidation1} = </msg>
<status status="PASS" starttime="20200507 18:18:58.845" endtime="20200507 18:18:58.845"></status>
</kw>
<kw name="Set Variable" library="BuiltIn">
<doc>Returns the given values which can then be assigned to a variables.</doc>
<arguments>
<arg>${empty}</arg>
</arguments>
<assign>
<var>${bValidation2}</var>
</assign>
<msg timestamp="20200507 18:18:58.846" level="INFO">${bValidation2} = </msg>
<status status="PASS" starttime="20200507 18:18:58.845" endtime="20200507 18:18:58.846"></status>
</kw>
<kw name="Set Variable" library="BuiltIn">
<doc>Returns the given values which can then be assigned to a variables.</doc>
<arguments>
<arg>element should be visible</arg>
<arg>${olinkelement}</arg>
</arguments>
<assign>
<var>${bValidation1}</var>
</assign>
<msg timestamp="20200507 18:18:58.846" level="INFO">${bValidation1} = ['element should be visible', 'link:SIGN-ON']</msg>
<status status="PASS" starttime="20200507 18:18:58.846" endtime="20200507 18:18:58.846"></status>
</kw>
<kw name="Set Variable" library="BuiltIn">
<doc>Returns the given values which can then be assigned to a variables.</doc>
<arguments>
<arg>element should be enabled</arg>
<arg>${olinkelement}</arg>
</arguments>
<assign>
<var>${bValidation2}</var>
</assign>
<msg timestamp="20200507 18:18:58.847" level="INFO">${bValidation2} = ['element should be enabled', 'link:SIGN-ON']</msg>
<status status="PASS" starttime="20200507 18:18:58.846" endtime="20200507 18:18:58.847"></status>
</kw>
<kw name="Should Be True" library="BuiltIn">
<doc>Fails if the given condition is not true.</doc>
<arguments>
<arg>${bValidation1} and ${bValidation2}</arg>
</arguments>
<status status="PASS" starttime="20200507 18:18:58.847" endtime="20200507 18:18:58.847"></status>
</kw>
<kw name="Click Element" library="SeleniumLibrary">
<doc>Click the element identified by ``locator``.</doc>
<arguments>
<arg>${olinkelement}</arg>
</arguments>
<msg timestamp="20200507 18:18:58.847" level="INFO">Clicking element 'link:SIGN-ON'.</msg>
<status status="PASS" starttime="20200507 18:18:58.847" endtime="20200507 18:18:59.244"></status>
</kw>
<status status="PASS" starttime="20200507 18:18:58.844" endtime="20200507 18:18:59.244"></status>
</kw>
<status status="PASS" starttime="20200507 18:18:58.844" endtime="20200507 18:18:59.244"></status>
</kw>
<kw name="Enter Username" library="LoginKeywords">
<arguments>
<arg>${username}</arg>
</arguments>
<kw name="Validate_And_Set_Text" library="Resources">
<arguments>
<arg>${txt_Login_Username}</arg>
<arg>${username}</arg>
</arguments>
<kw name="Set Variable" library="BuiltIn">
<doc>Returns the given values which can then be assigned to a variables.</doc>
<arguments>
<arg>${empty}</arg>
</arguments>
<assign>
<var>${bValidation1}</var>
</assign>
<msg timestamp="20200507 18:18:59.246" level="INFO">${bValidation1} = </msg>
<status status="PASS" starttime="20200507 18:18:59.245" endtime="20200507 18:18:59.246"></status>
</kw>
<kw name="Set Variable" library="BuiltIn">
<doc>Returns the given values which can then be assigned to a variables.</doc>
<arguments>
<arg>${empty}</arg>
</arguments>
<assign>
<var>${bValidation2}</var>
</assign>
<msg timestamp="20200507 18:18:59.246" level="INFO">${bValidation2} = </msg>
<status status="PASS" starttime="20200507 18:18:59.246" endtime="20200507 18:18:59.246"></status>
</kw>
<kw name="Set Variable" library="BuiltIn">
<doc>Returns the given values which can then be assigned to a variables.</doc>
<arguments>
<arg>element should be visible</arg>
<arg>${oTextelement}</arg>
</arguments>
<assign>
<var>${bValidation1}</var>
</assign>
<msg timestamp="20200507 18:18:59.247" level="INFO">${bValidation1} = ['element should be visible', 'name:userName']</msg>
<status status="PASS" starttime="20200507 18:18:59.246" endtime="20200507 18:18:59.247"></status>
</kw>
<kw name="Set Variable" library="BuiltIn">
<doc>Returns the given values which can then be assigned to a variables.</doc>
<arguments>
<arg>element should be enabled</arg>
<arg>${oTextelement}</arg>
</arguments>
<assign>
<var>${bValidation2}</var>
</assign>
<msg timestamp="20200507 18:18:59.247" level="INFO">${bValidation2} = ['element should be enabled', 'name:userName']</msg>
<status status="PASS" starttime="20200507 18:18:59.247" endtime="20200507 18:18:59.247"></status>
</kw>
<kw name="Should Be True" library="BuiltIn">
<doc>Fails if the given condition is not true.</doc>
<arguments>
<arg>${bValidation1} and ${bValidation2}</arg>
</arguments>
<status status="PASS" starttime="20200507 18:18:59.247" endtime="20200507 18:18:59.248"></status>
</kw>
<kw name="Input Text" library="SeleniumLibrary">
<doc>Types the given ``text`` into the text field identified by ``locator``.</doc>
<arguments>
<arg>${oTextelement}</arg>
<arg>${sTexttoSet}</arg>
</arguments>
<msg timestamp="20200507 18:18:59.249" level="INFO">Typing text 'tutorial' into text field 'name:userName'.</msg>
<status status="PASS" starttime="20200507 18:18:59.248" endtime="20200507 18:18:59.358"></status>
</kw>
<status status="PASS" starttime="20200507 18:18:59.245" endtime="20200507 18:18:59.359"></status>
</kw>
<status status="PASS" starttime="20200507 18:18:59.244" endtime="20200507 18:18:59.359"></status>
</kw>
<kw name="Enter Password" library="LoginKeywords">
<arguments>
<arg>${password}</arg>
</arguments>
<kw name="Validate_And_Set_Text" library="Resources">
<arguments>
<arg>${txt_Login_Password}</arg>
<arg>${password}</arg>
</arguments>
<kw name="Set Variable" library="BuiltIn">
<doc>Returns the given values which can then be assigned to a variables.</doc>
<arguments>
<arg>${empty}</arg>
</arguments>
<assign>
<var>${bValidation1}</var>
</assign>
<msg timestamp="20200507 18:18:59.360" level="INFO">${bValidation1} = </msg>
<status status="PASS" starttime="20200507 18:18:59.360" endtime="20200507 18:18:59.360"></status>
</kw>
<kw name="Set Variable" library="BuiltIn">
<doc>Returns the given values which can then be assigned to a variables.</doc>
<arguments>
<arg>${empty}</arg>
</arguments>
<assign>
<var>${bValidation2}</var>
</assign>
<msg timestamp="20200507 18:18:59.361" level="INFO">${bValidation2} = </msg>
<status status="PASS" starttime="20200507 18:18:59.360" endtime="20200507 18:18:59.361"></status>
</kw>
<kw name="Set Variable" library="BuiltIn">
<doc>Returns the given values which can then be assigned to a variables.</doc>
<arguments>
<arg>element should be visible</arg>
<arg>${oTextelement}</arg>
</arguments>
<assign>
<var>${bValidation1}</var>
</assign>
<msg timestamp="20200507 18:18:59.362" level="INFO">${bValidation1} = ['element should be visible', 'name:password']</msg>
<status status="PASS" starttime="20200507 18:18:59.361" endtime="20200507 18:18:59.362"></status>
</kw>
<kw name="Set Variable" library="BuiltIn">
<doc>Returns the given values which can then be assigned to a variables.</doc>
<arguments>
<arg>element should be enabled</arg>
<arg>${oTextelement}</arg>
</arguments>
<assign>
<var>${bValidation2}</var>
</assign>
<msg timestamp="20200507 18:18:59.363" level="INFO">${bValidation2} = ['element should be enabled', 'name:password']</msg>
<status status="PASS" starttime="20200507 18:18:59.362" endtime="20200507 18:18:59.363"></status>
</kw>
<kw name="Should Be True" library="BuiltIn">
<doc>Fails if the given condition is not true.</doc>
<arguments>
<arg>${bValidation1} and ${bValidation2}</arg>
</arguments>
<status status="PASS" starttime="20200507 18:18:59.363" endtime="20200507 18:18:59.363"></status>
</kw>
<kw name="Input Text" library="SeleniumLibrary">
<doc>Types the given ``text`` into the text field identified by ``locator``.</doc>
<arguments>
<arg>${oTextelement}</arg>
<arg>${sTexttoSet}</arg>
</arguments>
<msg timestamp="20200507 18:18:59.364" level="INFO">Typing text 'tutorial' into text field 'name:password'.</msg>
<status status="PASS" starttime="20200507 18:18:59.364" endtime="20200507 18:18:59.478"></status>
</kw>
<status status="PASS" starttime="20200507 18:18:59.359" endtime="20200507 18:18:59.478"></status>
</kw>
<status status="PASS" starttime="20200507 18:18:59.359" endtime="20200507 18:18:59.479"></status>
</kw>
<kw name="Submit Credentials" library="LoginKeywords">
<kw name="Check_And_Click_Button" library="Resources">
<arguments>
<arg>${btn_Login_Signin}</arg>
</arguments>
<kw name="Set Variable" library="BuiltIn">
<doc>Returns the given values which can then be assigned to a variables.</doc>
<arguments>
<arg>${empty}</arg>
</arguments>
<assign>
<var>${bValidation1}</var>
</assign>
<msg timestamp="20200507 18:18:59.480" level="INFO">${bValidation1} = </msg>
<status status="PASS" starttime="20200507 18:18:59.480" endtime="20200507 18:18:59.480"></status>
</kw>
<kw name="Set Variable" library="BuiltIn">
<doc>Returns the given values which can then be assigned to a variables.</doc>
<arguments>
<arg>${empty}</arg>
</arguments>
<assign>
<var>${bValidation2}</var>
</assign>
<msg timestamp="20200507 18:18:59.481" level="INFO">${bValidation2} = </msg>
<status status="PASS" starttime="20200507 18:18:59.480" endtime="20200507 18:18:59.481"></status>
</kw>
<kw name="Set Variable" library="BuiltIn">
<doc>Returns the given values which can then be assigned to a variables.</doc>
<arguments>
<arg>element should be visible</arg>
<arg>${oBtnElement}</arg>
</arguments>
<assign>
<var>${bValidation1}</var>
</assign>
<msg timestamp="20200507 18:18:59.482" level="INFO">${bValidation1} = ['element should be visible', 'name:login']</msg>
<status status="PASS" starttime="20200507 18:18:59.481" endtime="20200507 18:18:59.482"></status>
</kw>
<kw name="Set Variable" library="BuiltIn">
<doc>Returns the given values which can then be assigned to a variables.</doc>
<arguments>
<arg>element should be enabled</arg>
<arg>${oBtnElement}</arg>
</arguments>
<assign>
<var>${bValidation2}</var>
</assign>
<msg timestamp="20200507 18:18:59.483" level="INFO">${bValidation2} = ['element should be enabled', 'name:login']</msg>
<status status="PASS" starttime="20200507 18:18:59.482" endtime="20200507 18:18:59.483"></status>
</kw>
<kw name="Should Be True" library="BuiltIn">
<doc>Fails if the given condition is not true.</doc>
<arguments>
<arg>${bValidation1} and ${bValidation2}</arg>
</arguments>
<status status="PASS" starttime="20200507 18:18:59.483" endtime="20200507 18:18:59.484"></status>
</kw>
<kw name="Click Element" library="SeleniumLibrary">
<doc>Click the element identified by ``locator``.</doc>
<arguments>
<arg>${oBtnElement}</arg>
</arguments>
<msg timestamp="20200507 18:18:59.484" level="INFO">Clicking element 'name:login'.</msg>
<status status="PASS" starttime="20200507 18:18:59.484" endtime="20200507 18:19:04.740"></status>
</kw>
<status status="PASS" starttime="20200507 18:18:59.479" endtime="20200507 18:19:04.740"></status>
</kw>
<status status="PASS" starttime="20200507 18:18:59.479" endtime="20200507 18:19:04.741"></status>
</kw>
<kw name="Verify Successful Login" library="LoginKeywords">
<kw name="Validate_Page_Title" library="Resources">
<arguments>
<arg>Find a Flight: Mercury Tours:</arg>
</arguments>
<kw name="Title Should Be" library="SeleniumLibrary">
<doc>Verifies that the current page title equals ``title``.</doc>
<arguments>
<arg>${sPagetitle}</arg>
</arguments>
<assign>
<var>${res}</var>
</assign>
<msg timestamp="20200507 18:19:04.750" level="INFO">Page title is 'Find a Flight: Mercury Tours:'.</msg>
<msg timestamp="20200507 18:19:04.750" level="INFO">${res} = None</msg>
<status status="PASS" starttime="20200507 18:19:04.742" endtime="20200507 18:19:04.750"></status>
</kw>
<status status="PASS" starttime="20200507 18:19:04.742" endtime="20200507 18:19:04.750"></status>
</kw>
<status status="PASS" starttime="20200507 18:19:04.741" endtime="20200507 18:19:04.751"></status>
</kw>
<kw name="Close my Browser" library="LoginKeywords">
<kw name="Close All Browsers" library="SeleniumLibrary">
<doc>Closes all open browsers and resets the browser cache.</doc>
<status status="PASS" starttime="20200507 18:19:04.751" endtime="20200507 18:19:06.836"></status>
</kw>
<status status="PASS" starttime="20200507 18:19:04.751" endtime="20200507 18:19:06.836"></status>
</kw>
<status status="PASS" starttime="20200507 18:18:52.395" endtime="20200507 18:19:06.836"></status>
</kw>
<status status="PASS" starttime="20200507 18:18:52.394" endtime="20200507 18:19:06.836" critical="yes"></status>
</test>
<test id="s1-s1-t2" name="Test Login POM &amp; DataDriver with raghu &amp; sridevi">
<kw name="Login Test">
<arguments>
<arg>raghu</arg>
<arg>sridevi</arg>
</arguments>
<kw name="Open My Browser" library="LoginKeywords">
<arguments>
<arg>${url}</arg>
<arg>${browser}</arg>
</arguments>
<kw name="Open Browser" library="SeleniumLibrary">
<doc>Opens a new browser instance to the optional ``url``.</doc>
<arguments>
<arg>${url}</arg>
<arg>${browser}</arg>
</arguments>
<msg timestamp="20200507 18:19:06.839" level="INFO">Opening browser 'chrome' to base url 'http://newtours.demoaut.com/'.</msg>
<status status="PASS" starttime="20200507 18:19:06.839" endtime="20200507 18:19:10.845"></status>
</kw>
<kw name="Maximize Browser Window" library="SeleniumLibrary">
<doc>Maximizes current browser window.</doc>
<status status="PASS" starttime="20200507 18:19:10.845" endtime="20200507 18:19:12.961"></status>
</kw>
<status status="PASS" starttime="20200507 18:19:06.838" endtime="20200507 18:19:12.961"></status>
</kw>
<kw name="Click Singnin Link" library="LoginKeywords">
<kw name="Check_And_Click_Link" library="Resources">
<arguments>
<arg>${lnk_Login_Sgnin}</arg>
</arguments>
<kw name="Set Variable" library="BuiltIn">
<doc>Returns the given values which can then be assigned to a variables.</doc>
<arguments>
<arg>${empty}</arg>
</arguments>
<assign>
<var>${bValidation1}</var>
</assign>
<msg timestamp="20200507 18:19:12.962" level="INFO">${bValidation1} = </msg>
<status status="PASS" starttime="20200507 18:19:12.962" endtime="20200507 18:19:12.962"></status>
</kw>
<kw name="Set Variable" library="BuiltIn">
<doc>Returns the given values which can then be assigned to a variables.</doc>
<arguments>
<arg>${empty}</arg>
</arguments>
<assign>
<var>${bValidation2}</var>
</assign>
<msg timestamp="20200507 18:19:12.962" level="INFO">${bValidation2} = </msg>
<status status="PASS" starttime="20200507 18:19:12.962" endtime="20200507 18:19:12.962"></status>
</kw>
<kw name="Set Variable" library="BuiltIn">
<doc>Returns the given values which can then be assigned to a variables.</doc>
<arguments>
<arg>element should be visible</arg>
<arg>${olinkelement}</arg>
</arguments>
<assign>
<var>${bValidation1}</var>
</assign>
<msg timestamp="20200507 18:19:12.963" level="INFO">${bValidation1} = ['element should be visible', 'link:SIGN-ON']</msg>
<status status="PASS" starttime="20200507 18:19:12.963" endtime="20200507 18:19:12.963"></status>
</kw>
<kw name="Set Variable" library="BuiltIn">
<doc>Returns the given values which can then be assigned to a variables.</doc>
<arguments>
<arg>element should be enabled</arg>
<arg>${olinkelement}</arg>
</arguments>
<assign>
<var>${bValidation2}</var>
</assign>
<msg timestamp="20200507 18:19:12.963" level="INFO">${bValidation2} = ['element should be enabled', 'link:SIGN-ON']</msg>
<status status="PASS" starttime="20200507 18:19:12.963" endtime="20200507 18:19:12.963"></status>
</kw>
<kw name="Should Be True" library="BuiltIn">
<doc>Fails if the given condition is not true.</doc>
<arguments>
<arg>${bValidation1} and ${bValidation2}</arg>
</arguments>
<status status="PASS" starttime="20200507 18:19:12.963" endtime="20200507 18:19:12.963"></status>
</kw>
<kw name="Click Element" library="SeleniumLibrary">
<doc>Click the element identified by ``locator``.</doc>
<arguments>
<arg>${olinkelement}</arg>
</arguments>
<msg timestamp="20200507 18:19:12.964" level="INFO">Clicking element 'link:SIGN-ON'.</msg>
<status status="PASS" starttime="20200507 18:19:12.964" endtime="20200507 18:19:13.432"></status>
</kw>
<status status="PASS" starttime="20200507 18:19:12.962" endtime="20200507 18:19:13.432"></status>
</kw>
<status status="PASS" starttime="20200507 18:19:12.961" endtime="20200507 18:19:13.432"></status>
</kw>
<kw name="Enter Username" library="LoginKeywords">
<arguments>
<arg>${username}</arg>
</arguments>
<kw name="Validate_And_Set_Text" library="Resources">
<arguments>
<arg>${txt_Login_Username}</arg>
<arg>${username}</arg>
</arguments>
<kw name="Set Variable" library="BuiltIn">
<doc>Returns the given values which can then be assigned to a variables.</doc>
<arguments>
<arg>${empty}</arg>
</arguments>
<assign>
<var>${bValidation1}</var>
</assign>
<msg timestamp="20200507 18:19:13.433" level="INFO">${bValidation1} = </msg>
<status status="PASS" starttime="20200507 18:19:13.433" endtime="20200507 18:19:13.433"></status>
</kw>
<kw name="Set Variable" library="BuiltIn">
<doc>Returns the given values which can then be assigned to a variables.</doc>
<arguments>
<arg>${empty}</arg>
</arguments>
<assign>
<var>${bValidation2}</var>
</assign>
<msg timestamp="20200507 18:19:13.434" level="INFO">${bValidation2} = </msg>
<status status="PASS" starttime="20200507 18:19:13.433" endtime="20200507 18:19:13.434"></status>
</kw>
<kw name="Set Variable" library="BuiltIn">
<doc>Returns the given values which can then be assigned to a variables.</doc>
<arguments>
<arg>element should be visible</arg>
<arg>${oTextelement}</arg>
</arguments>
<assign>
<var>${bValidation1}</var>
</assign>
<msg timestamp="20200507 18:19:13.434" level="INFO">${bValidation1} = ['element should be visible', 'name:userName']</msg>
<status status="PASS" starttime="20200507 18:19:13.434" endtime="20200507 18:19:13.434"></status>
</kw>
<kw name="Set Variable" library="BuiltIn">
<doc>Returns the given values which can then be assigned to a variables.</doc>
<arguments>
<arg>element should be enabled</arg>
<arg>${oTextelement}</arg>
</arguments>
<assign>
<var>${bValidation2}</var>
</assign>
<msg timestamp="20200507 18:19:13.434" level="INFO">${bValidation2} = ['element should be enabled', 'name:userName']</msg>
<status status="PASS" starttime="20200507 18:19:13.434" endtime="20200507 18:19:13.434"></status>
</kw>
<kw name="Should Be True" library="BuiltIn">
<doc>Fails if the given condition is not true.</doc>
<arguments>
<arg>${bValidation1} and ${bValidation2}</arg>
</arguments>
<status status="PASS" starttime="20200507 18:19:13.434" endtime="20200507 18:19:13.435"></status>
</kw>
<kw name="Input Text" library="SeleniumLibrary">
<doc>Types the given ``text`` into the text field identified by ``locator``.</doc>
<arguments>
<arg>${oTextelement}</arg>
<arg>${sTexttoSet}</arg>
</arguments>
<msg timestamp="20200507 18:19:13.435" level="INFO">Typing text 'raghu' into text field 'name:userName'.</msg>
<status status="PASS" starttime="20200507 18:19:13.435" endtime="20200507 18:19:13.511"></status>
</kw>
<status status="PASS" starttime="20200507 18:19:13.433" endtime="20200507 18:19:13.511"></status>
</kw>
<status status="PASS" starttime="20200507 18:19:13.432" endtime="20200507 18:19:13.511"></status>
</kw>
<kw name="Enter Password" library="LoginKeywords">
<arguments>
<arg>${password}</arg>
</arguments>
<kw name="Validate_And_Set_Text" library="Resources">
<arguments>
<arg>${txt_Login_Password}</arg>
<arg>${password}</arg>
</arguments>
<kw name="Set Variable" library="BuiltIn">
<doc>Returns the given values which can then be assigned to a variables.</doc>
<arguments>
<arg>${empty}</arg>
</arguments>
<assign>
<var>${bValidation1}</var>
</assign>
<msg timestamp="20200507 18:19:13.512" level="INFO">${bValidation1} = </msg>
<status status="PASS" starttime="20200507 18:19:13.512" endtime="20200507 18:19:13.512"></status>
</kw>
<kw name="Set Variable" library="BuiltIn">
<doc>Returns the given values which can then be assigned to a variables.</doc>
<arguments>
<arg>${empty}</arg>
</arguments>
<assign>
<var>${bValidation2}</var>
</assign>
<msg timestamp="20200507 18:19:13.512" level="INFO">${bValidation2} = </msg>
<status status="PASS" starttime="20200507 18:19:13.512" endtime="20200507 18:19:13.512"></status>
</kw>
<kw name="Set Variable" library="BuiltIn">
<doc>Returns the given values which can then be assigned to a variables.</doc>
<arguments>
<arg>element should be visible</arg>
<arg>${oTextelement}</arg>
</arguments>
<assign>
<var>${bValidation1}</var>
</assign>
<msg timestamp="20200507 18:19:13.512" level="INFO">${bValidation1} = ['element should be visible', 'name:password']</msg>
<status status="PASS" starttime="20200507 18:19:13.512" endtime="20200507 18:19:13.512"></status>
</kw>
<kw name="Set Variable" library="BuiltIn">
<doc>Returns the given values which can then be assigned to a variables.</doc>
<arguments>
<arg>element should be enabled</arg>
<arg>${oTextelement}</arg>
</arguments>
<assign>
<var>${bValidation2}</var>
</assign>
<msg timestamp="20200507 18:19:13.512" level="INFO">${bValidation2} = ['element should be enabled', 'name:password']</msg>
<status status="PASS" starttime="20200507 18:19:13.512" endtime="20200507 18:19:13.512"></status>
</kw>
<kw name="Should Be True" library="BuiltIn">
<doc>Fails if the given condition is not true.</doc>
<arguments>
<arg>${bValidation1} and ${bValidation2}</arg>
</arguments>
<status status="PASS" starttime="20200507 18:19:13.513" endtime="20200507 18:19:13.513"></status>
</kw>
<kw name="Input Text" library="SeleniumLibrary">
<doc>Types the given ``text`` into the text field identified by ``locator``.</doc>
<arguments>
<arg>${oTextelement}</arg>
<arg>${sTexttoSet}</arg>
</arguments>
<msg timestamp="20200507 18:19:13.513" level="INFO">Typing text 'sridevi' into text field 'name:password'.</msg>
<status status="PASS" starttime="20200507 18:19:13.513" endtime="20200507 18:19:13.583"></status>
</kw>
<status status="PASS" starttime="20200507 18:19:13.512" endtime="20200507 18:19:13.584"></status>
</kw>
<status status="PASS" starttime="20200507 18:19:13.511" endtime="20200507 18:19:13.584"></status>
</kw>
<kw name="Submit Credentials" library="LoginKeywords">
<kw name="Check_And_Click_Button" library="Resources">
<arguments>
<arg>${btn_Login_Signin}</arg>
</arguments>
<kw name="Set Variable" library="BuiltIn">
<doc>Returns the given values which can then be assigned to a variables.</doc>
<arguments>
<arg>${empty}</arg>
</arguments>
<assign>
<var>${bValidation1}</var>
</assign>
<msg timestamp="20200507 18:19:13.585" level="INFO">${bValidation1} = </msg>
<status status="PASS" starttime="20200507 18:19:13.584" endtime="20200507 18:19:13.585"></status>
</kw>
<kw name="Set Variable" library="BuiltIn">
<doc>Returns the given values which can then be assigned to a variables.</doc>
<arguments>
<arg>${empty}</arg>
</arguments>
<assign>
<var>${bValidation2}</var>
</assign>
<msg timestamp="20200507 18:19:13.585" level="INFO">${bValidation2} = </msg>
<status status="PASS" starttime="20200507 18:19:13.585" endtime="20200507 18:19:13.585"></status>
</kw>
<kw name="Set Variable" library="BuiltIn">
<doc>Returns the given values which can then be assigned to a variables.</doc>
<arguments>
<arg>element should be visible</arg>
<arg>${oBtnElement}</arg>
</arguments>
<assign>
<var>${bValidation1}</var>
</assign>
<msg timestamp="20200507 18:19:13.585" level="INFO">${bValidation1} = ['element should be visible', 'name:login']</msg>
<status status="PASS" starttime="20200507 18:19:13.585" endtime="20200507 18:19:13.585"></status>
</kw>
<kw name="Set Variable" library="BuiltIn">
<doc>Returns the given values which can then be assigned to a variables.</doc>
<arguments>
<arg>element should be enabled</arg>
<arg>${oBtnElement}</arg>
</arguments>
<assign>
<var>${bValidation2}</var>
</assign>
<msg timestamp="20200507 18:19:13.586" level="INFO">${bValidation2} = ['element should be enabled', 'name:login']</msg>
<status status="PASS" starttime="20200507 18:19:13.585" endtime="20200507 18:19:13.586"></status>
</kw>
<kw name="Should Be True" library="BuiltIn">
<doc>Fails if the given condition is not true.</doc>
<arguments>
<arg>${bValidation1} and ${bValidation2}</arg>
</arguments>
<status status="PASS" starttime="20200507 18:19:13.586" endtime="20200507 18:19:13.586"></status>
</kw>
<kw name="Click Element" library="SeleniumLibrary">
<doc>Click the element identified by ``locator``.</doc>
<arguments>
<arg>${oBtnElement}</arg>
</arguments>
<msg timestamp="20200507 18:19:13.586" level="INFO">Clicking element 'name:login'.</msg>
<status status="PASS" starttime="20200507 18:19:13.586" endtime="20200507 18:19:15.138"></status>
</kw>
<status status="PASS" starttime="20200507 18:19:13.584" endtime="20200507 18:19:15.138"></status>
</kw>
<status status="PASS" starttime="20200507 18:19:13.584" endtime="20200507 18:19:15.139"></status>
</kw>
<kw name="Verify Successful Login" library="LoginKeywords">
<kw name="Validate_Page_Title" library="Resources">
<arguments>
<arg>Find a Flight: Mercury Tours:</arg>
</arguments>
<kw name="Title Should Be" library="SeleniumLibrary">
<doc>Verifies that the current page title equals ``title``.</doc>
<arguments>
<arg>${sPagetitle}</arg>
</arguments>
<assign>
<var>${res}</var>
</assign>
<kw name="Capture Page Screenshot" library="SeleniumLibrary">
<doc>Takes a screenshot of the current page and embeds it into a log file.</doc>
<msg timestamp="20200507 18:19:15.486" level="INFO" html="yes">&lt;/td&gt;&lt;/tr&gt;&lt;tr&gt;&lt;td colspan="3"&gt;&lt;a href="selenium-screenshot-1.png"&gt;&lt;img src="selenium-screenshot-1.png" width="800px"&gt;&lt;/a&gt;</msg>
<status status="PASS" starttime="20200507 18:19:15.148" endtime="20200507 18:19:15.487"></status>
</kw>
<msg timestamp="20200507 18:19:15.488" level="FAIL">Title should have been 'Find a Flight: Mercury Tours:' but was 'Sign-on: Mercury Tours'.</msg>
<status status="FAIL" starttime="20200507 18:19:15.141" endtime="20200507 18:19:15.488"></status>
</kw>
<status status="FAIL" starttime="20200507 18:19:15.140" endtime="20200507 18:19:15.488"></status>
</kw>
<status status="FAIL" starttime="20200507 18:19:15.139" endtime="20200507 18:19:15.489"></status>
</kw>
<status status="FAIL" starttime="20200507 18:19:06.838" endtime="20200507 18:19:15.489"></status>
</kw>
<status status="FAIL" starttime="20200507 18:19:06.837" endtime="20200507 18:19:15.489" critical="yes">Title should have been 'Find a Flight: Mercury Tours:' but was 'Sign-on: Mercury Tours'.</status>
</test>
<status status="FAIL" starttime="20200507 18:18:52.213" endtime="20200507 18:19:15.491"></status>
</suite>
<status status="FAIL" starttime="20200507 18:18:52.192" endtime="20200507 18:19:15.493"></status>
</suite>
<statistics>
<total>
<stat pass="1" fail="1">Critical Tests</stat>
<stat pass="1" fail="1">All Tests</stat>
</total>
<tag>
</tag>
<suite>
<stat pass="1" fail="1" id="s1" name="Suites">Suites</stat>
<stat pass="1" fail="1" id="s1-s1" name="POM">Suites.POM</stat>
</suite>
</statistics>
<errors>
</errors>
</robot>
