<?xml version="1.0" encoding="UTF-8"?>
<robot generator="Robot 3.2 (Python 3.6.8 on win32)" generated="20200507 23:09:26.608" rpa="false">
<suite id="s1" name="Suites">
<suite id="s1-s1" name="POM" source="E:\Workspace\Robot\WebAutomation\TestCases\POM.robot">
<test id="s1-s1-t1" name="Test Login POM &amp; DataDriver with tutorial &amp; tutorial">
<kw name="Login Test">
<arguments>
<arg>tutorial</arg>
<arg>tutorial</arg>
</arguments>
<kw name="Open My Browser" library="LoginKeywords">
<arguments>
<arg>${url}</arg>
<arg>${browser}</arg>
</arguments>
<kw name="Open Browser" library="SeleniumLibrary">
<doc>Opens a new browser instance to the optional ``url``.</doc>
<arguments>
<arg>${url}</arg>
<arg>${browser}</arg>
</arguments>
<msg timestamp="20200507 23:09:27.179" level="INFO">Opening browser 'headlessfirefox' to base url 'http://newtours.demoaut.com/'.</msg>
<msg timestamp="20200507 23:09:27.185" level="INFO">Firefox driver log is always forced to to: E:\Workspace\Robot\Result\2020-05-07\pabot_results\0\geckodriver-1.log</msg>
<status status="PASS" starttime="20200507 23:09:27.178" endtime="20200507 23:09:33.090"></status>
</kw>
<kw name="Maximize Browser Window" library="SeleniumLibrary">
<doc>Maximizes current browser window.</doc>
<status status="PASS" starttime="20200507 23:09:33.090" endtime="20200507 23:09:33.092"></status>
</kw>
<status status="PASS" starttime="20200507 23:09:27.178" endtime="20200507 23:09:33.092"></status>
</kw>
<kw name="Click Singnin Link" library="LoginKeywords">
<kw name="Check_And_Click_Link" library="Resources">
<arguments>
<arg>${lnk_Login_Sgnin}</arg>
</arguments>
<kw name="Set Variable" library="BuiltIn">
<doc>Returns the given values which can then be assigned to a variables.</doc>
<arguments>
<arg>${empty}</arg>
</arguments>
<assign>
<var>${bValidation1}</var>
</assign>
<msg timestamp="20200507 23:09:33.093" level="INFO">${bValidation1} = </msg>
<status status="PASS" starttime="20200507 23:09:33.093" endtime="20200507 23:09:33.093"></status>
</kw>
<kw name="Set Variable" library="BuiltIn">
<doc>Returns the given values which can then be assigned to a variables.</doc>
<arguments>
<arg>${empty}</arg>
</arguments>
<assign>
<var>${bValidation2}</var>
</assign>
<msg timestamp="20200507 23:09:33.093" level="INFO">${bValidation2} = </msg>
<status status="PASS" starttime="20200507 23:09:33.093" endtime="20200507 23:09:33.094"></status>
</kw>
<kw name="Set Variable" library="BuiltIn">
<doc>Returns the given values which can then be assigned to a variables.</doc>
<arguments>
<arg>element should be visible</arg>
<arg>${olinkelement}</arg>
</arguments>
<assign>
<var>${bValidation1}</var>
</assign>
<msg timestamp="20200507 23:09:33.094" level="INFO">${bValidation1} = ['element should be visible', 'link:SIGN-ON']</msg>
<status status="PASS" starttime="20200507 23:09:33.094" endtime="20200507 23:09:33.094"></status>
</kw>
<kw name="Set Variable" library="BuiltIn">
<doc>Returns the given values which can then be assigned to a variables.</doc>
<arguments>
<arg>element should be enabled</arg>
<arg>${olinkelement}</arg>
</arguments>
<assign>
<var>${bValidation2}</var>
</assign>
<msg timestamp="20200507 23:09:33.094" level="INFO">${bValidation2} = ['element should be enabled', 'link:SIGN-ON']</msg>
<status status="PASS" starttime="20200507 23:09:33.094" endtime="20200507 23:09:33.094"></status>
</kw>
<kw name="Should Be True" library="BuiltIn">
<doc>Fails if the given condition is not true.</doc>
<arguments>
<arg>${bValidation1} and ${bValidation2}</arg>
</arguments>
<status status="PASS" starttime="20200507 23:09:33.094" endtime="20200507 23:09:33.095"></status>
</kw>
<kw name="Click Element" library="SeleniumLibrary">
<doc>Click the element identified by ``locator``.</doc>
<arguments>
<arg>${olinkelement}</arg>
</arguments>
<msg timestamp="20200507 23:09:33.095" level="INFO">Clicking element 'link:SIGN-ON'.</msg>
<status status="PASS" starttime="20200507 23:09:33.095" endtime="20200507 23:09:33.482"></status>
</kw>
<status status="PASS" starttime="20200507 23:09:33.092" endtime="20200507 23:09:33.482"></status>
</kw>
<status status="PASS" starttime="20200507 23:09:33.092" endtime="20200507 23:09:33.482"></status>
</kw>
<kw name="Enter Username" library="LoginKeywords">
<arguments>
<arg>${username}</arg>
</arguments>
<kw name="Validate_And_Set_Text" library="Resources">
<arguments>
<arg>${txt_Login_Username}</arg>
<arg>${username}</arg>
</arguments>
<kw name="Set Variable" library="BuiltIn">
<doc>Returns the given values which can then be assigned to a variables.</doc>
<arguments>
<arg>${empty}</arg>
</arguments>
<assign>
<var>${bValidation1}</var>
</assign>
<msg timestamp="20200507 23:09:33.487" level="INFO">${bValidation1} = </msg>
<status status="PASS" starttime="20200507 23:09:33.486" endtime="20200507 23:09:33.487"></status>
</kw>
<kw name="Set Variable" library="BuiltIn">
<doc>Returns the given values which can then be assigned to a variables.</doc>
<arguments>
<arg>${empty}</arg>
</arguments>
<assign>
<var>${bValidation2}</var>
</assign>
<msg timestamp="20200507 23:09:33.488" level="INFO">${bValidation2} = </msg>
<status status="PASS" starttime="20200507 23:09:33.487" endtime="20200507 23:09:33.488"></status>
</kw>
<kw name="Set Variable" library="BuiltIn">
<doc>Returns the given values which can then be assigned to a variables.</doc>
<arguments>
<arg>element should be visible</arg>
<arg>${oTextelement}</arg>
</arguments>
<assign>
<var>${bValidation1}</var>
</assign>
<msg timestamp="20200507 23:09:33.489" level="INFO">${bValidation1} = ['element should be visible', 'name:userName']</msg>
<status status="PASS" starttime="20200507 23:09:33.488" endtime="20200507 23:09:33.489"></status>
</kw>
<kw name="Set Variable" library="BuiltIn">
<doc>Returns the given values which can then be assigned to a variables.</doc>
<arguments>
<arg>element should be enabled</arg>
<arg>${oTextelement}</arg>
</arguments>
<assign>
<var>${bValidation2}</var>
</assign>
<msg timestamp="20200507 23:09:33.491" level="INFO">${bValidation2} = ['element should be enabled', 'name:userName']</msg>
<status status="PASS" starttime="20200507 23:09:33.490" endtime="20200507 23:09:33.491"></status>
</kw>
<kw name="Should Be True" library="BuiltIn">
<doc>Fails if the given condition is not true.</doc>
<arguments>
<arg>${bValidation1} and ${bValidation2}</arg>
</arguments>
<status status="PASS" starttime="20200507 23:09:33.491" endtime="20200507 23:09:33.492"></status>
</kw>
<kw name="Input Text" library="SeleniumLibrary">
<doc>Types the given ``text`` into the text field identified by ``locator``.</doc>
<arguments>
<arg>${oTextelement}</arg>
<arg>${sTexttoSet}</arg>
</arguments>
<msg timestamp="20200507 23:09:33.492" level="INFO">Typing text 'tutorial' into text field 'name:userName'.</msg>
<status status="PASS" starttime="20200507 23:09:33.492" endtime="20200507 23:09:33.516"></status>
</kw>
<status status="PASS" starttime="20200507 23:09:33.484" endtime="20200507 23:09:33.516"></status>
</kw>
<status status="PASS" starttime="20200507 23:09:33.483" endtime="20200507 23:09:33.516"></status>
</kw>
<kw name="Enter Password" library="LoginKeywords">
<arguments>
<arg>${password}</arg>
</arguments>
<kw name="Validate_And_Set_Text" library="Resources">
<arguments>
<arg>${txt_Login_Password}</arg>
<arg>${password}</arg>
</arguments>
<kw name="Set Variable" library="BuiltIn">
<doc>Returns the given values which can then be assigned to a variables.</doc>
<arguments>
<arg>${empty}</arg>
</arguments>
<assign>
<var>${bValidation1}</var>
</assign>
<msg timestamp="20200507 23:09:33.517" level="INFO">${bValidation1} = </msg>
<status status="PASS" starttime="20200507 23:09:33.517" endtime="20200507 23:09:33.517"></status>
</kw>
<kw name="Set Variable" library="BuiltIn">
<doc>Returns the given values which can then be assigned to a variables.</doc>
<arguments>
<arg>${empty}</arg>
</arguments>
<assign>
<var>${bValidation2}</var>
</assign>
<msg timestamp="20200507 23:09:33.517" level="INFO">${bValidation2} = </msg>
<status status="PASS" starttime="20200507 23:09:33.517" endtime="20200507 23:09:33.517"></status>
</kw>
<kw name="Set Variable" library="BuiltIn">
<doc>Returns the given values which can then be assigned to a variables.</doc>
<arguments>
<arg>element should be visible</arg>
<arg>${oTextelement}</arg>
</arguments>
<assign>
<var>${bValidation1}</var>
</assign>
<msg timestamp="20200507 23:09:33.518" level="INFO">${bValidation1} = ['element should be visible', 'name:password']</msg>
<status status="PASS" starttime="20200507 23:09:33.517" endtime="20200507 23:09:33.518"></status>
</kw>
<kw name="Set Variable" library="BuiltIn">
<doc>Returns the given values which can then be assigned to a variables.</doc>
<arguments>
<arg>element should be enabled</arg>
<arg>${oTextelement}</arg>
</arguments>
<assign>
<var>${bValidation2}</var>
</assign>
<msg timestamp="20200507 23:09:33.518" level="INFO">${bValidation2} = ['element should be enabled', 'name:password']</msg>
<status status="PASS" starttime="20200507 23:09:33.518" endtime="20200507 23:09:33.518"></status>
</kw>
<kw name="Should Be True" library="BuiltIn">
<doc>Fails if the given condition is not true.</doc>
<arguments>
<arg>${bValidation1} and ${bValidation2}</arg>
</arguments>
<status status="PASS" starttime="20200507 23:09:33.518" endtime="20200507 23:09:33.518"></status>
</kw>
<kw name="Input Text" library="SeleniumLibrary">
<doc>Types the given ``text`` into the text field identified by ``locator``.</doc>
<arguments>
<arg>${oTextelement}</arg>
<arg>${sTexttoSet}</arg>
</arguments>
<msg timestamp="20200507 23:09:33.519" level="INFO">Typing text 'tutorial' into text field 'name:password'.</msg>
<status status="PASS" starttime="20200507 23:09:33.518" endtime="20200507 23:09:33.532"></status>
</kw>
<status status="PASS" starttime="20200507 23:09:33.516" endtime="20200507 23:09:33.532"></status>
</kw>
<status status="PASS" starttime="20200507 23:09:33.516" endtime="20200507 23:09:33.533"></status>
</kw>
<kw name="Submit Credentials" library="LoginKeywords">
<kw name="Check_And_Click_Button" library="Resources">
<arguments>
<arg>${btn_Login_Signin}</arg>
</arguments>
<kw name="Set Variable" library="BuiltIn">
<doc>Returns the given values which can then be assigned to a variables.</doc>
<arguments>
<arg>${empty}</arg>
</arguments>
<assign>
<var>${bValidation1}</var>
</assign>
<msg timestamp="20200507 23:09:33.533" level="INFO">${bValidation1} = </msg>
<status status="PASS" starttime="20200507 23:09:33.533" endtime="20200507 23:09:33.534"></status>
</kw>
<kw name="Set Variable" library="BuiltIn">
<doc>Returns the given values which can then be assigned to a variables.</doc>
<arguments>
<arg>${empty}</arg>
</arguments>
<assign>
<var>${bValidation2}</var>
</assign>
<msg timestamp="20200507 23:09:33.534" level="INFO">${bValidation2} = </msg>
<status status="PASS" starttime="20200507 23:09:33.534" endtime="20200507 23:09:33.534"></status>
</kw>
<kw name="Set Variable" library="BuiltIn">
<doc>Returns the given values which can then be assigned to a variables.</doc>
<arguments>
<arg>element should be visible</arg>
<arg>${oBtnElement}</arg>
</arguments>
<assign>
<var>${bValidation1}</var>
</assign>
<msg timestamp="20200507 23:09:33.534" level="INFO">${bValidation1} = ['element should be visible', 'name:login']</msg>
<status status="PASS" starttime="20200507 23:09:33.534" endtime="20200507 23:09:33.534"></status>
</kw>
<kw name="Set Variable" library="BuiltIn">
<doc>Returns the given values which can then be assigned to a variables.</doc>
<arguments>
<arg>element should be enabled</arg>
<arg>${oBtnElement}</arg>
</arguments>
<assign>
<var>${bValidation2}</var>
</assign>
<msg timestamp="20200507 23:09:33.534" level="INFO">${bValidation2} = ['element should be enabled', 'name:login']</msg>
<status status="PASS" starttime="20200507 23:09:33.534" endtime="20200507 23:09:33.534"></status>
</kw>
<kw name="Should Be True" library="BuiltIn">
<doc>Fails if the given condition is not true.</doc>
<arguments>
<arg>${bValidation1} and ${bValidation2}</arg>
</arguments>
<status status="PASS" starttime="20200507 23:09:33.535" endtime="20200507 23:09:33.535"></status>
</kw>
<kw name="Click Element" library="SeleniumLibrary">
<doc>Click the element identified by ``locator``.</doc>
<arguments>
<arg>${oBtnElement}</arg>
</arguments>
<msg timestamp="20200507 23:09:33.535" level="INFO">Clicking element 'name:login'.</msg>
<status status="PASS" starttime="20200507 23:09:33.535" endtime="20200507 23:09:38.853"></status>
</kw>
<status status="PASS" starttime="20200507 23:09:33.533" endtime="20200507 23:09:38.853"></status>
</kw>
<status status="PASS" starttime="20200507 23:09:33.533" endtime="20200507 23:09:38.853"></status>
</kw>
<kw name="Verify Successful Login" library="LoginKeywords">
<kw name="Validate_Page_Title" library="Resources">
<arguments>
<arg>Find a Flight: Mercury Tours:</arg>
</arguments>
<kw name="Title Should Be" library="SeleniumLibrary">
<doc>Verifies that the current page title equals ``title``.</doc>
<arguments>
<arg>${sPagetitle}</arg>
</arguments>
<assign>
<var>${res}</var>
</assign>
<msg timestamp="20200507 23:09:38.857" level="INFO">Page title is 'Find a Flight: Mercury Tours:'.</msg>
<msg timestamp="20200507 23:09:38.858" level="INFO">${res} = None</msg>
<status status="PASS" starttime="20200507 23:09:38.854" endtime="20200507 23:09:38.858"></status>
</kw>
<status status="PASS" starttime="20200507 23:09:38.854" endtime="20200507 23:09:38.858"></status>
</kw>
<status status="PASS" starttime="20200507 23:09:38.853" endtime="20200507 23:09:38.858"></status>
</kw>
<kw name="Close my Browser" library="LoginKeywords">
<kw name="Close All Browsers" library="SeleniumLibrary">
<doc>Closes all open browsers and resets the browser cache.</doc>
<status status="PASS" starttime="20200507 23:09:38.859" endtime="20200507 23:09:39.674"></status>
</kw>
<status status="PASS" starttime="20200507 23:09:38.859" endtime="20200507 23:09:39.675"></status>
</kw>
<status status="PASS" starttime="20200507 23:09:27.178" endtime="20200507 23:09:39.675"></status>
</kw>
<status status="PASS" starttime="20200507 23:09:27.177" endtime="20200507 23:09:39.675" critical="yes"></status>
</test>
<status status="PASS" starttime="20200507 23:09:26.635" endtime="20200507 23:09:39.676"></status>
</suite>
<status status="PASS" starttime="20200507 23:09:26.611" endtime="20200507 23:09:39.679"></status>
</suite>
<statistics>
<total>
<stat pass="1" fail="0">Critical Tests</stat>
<stat pass="1" fail="0">All Tests</stat>
</total>
<tag>
</tag>
<suite>
<stat pass="1" fail="0" id="s1" name="Suites">Suites</stat>
<stat pass="1" fail="0" id="s1-s1" name="POM">Suites.POM</stat>
</suite>
</statistics>
<errors>
</errors>
</robot>
